Release 14.7 - xst P.20131013 (nt)
Copyright (c) 1995-2013 Xilinx, Inc.  All rights reserved.
--> Parameter TMPDIR set to xst/projnav.tmp


Total REAL time to Xst completion: 0.00 secs
Total CPU time to Xst completion: 0.16 secs
 
--> Parameter xsthdpdir set to xst


Total REAL time to Xst completion: 0.00 secs
Total CPU time to Xst completion: 0.17 secs
 
--> Reading design: SPI_Module.prj

TABLE OF CONTENTS
  1) Synthesis Options Summary
  2) HDL Parsing
  3) HDL Elaboration
  4) HDL Synthesis
       4.1) HDL Synthesis Report
  5) Advanced HDL Synthesis
       5.1) Advanced HDL Synthesis Report
  6) Low Level Synthesis
  7) Partition Report
  8) Design Summary
       8.1) Primitive and Black Box Usage
       8.2) Device utilization summary
       8.3) Partition Resource Summary
       8.4) Timing Report
            8.4.1) Clock Information
            8.4.2) Asynchronous Control Signals Information
            8.4.3) Timing Summary
            8.4.4) Timing Details
            8.4.5) Cross Clock Domains Report


=========================================================================
*                      Synthesis Options Summary                        *
=========================================================================
---- Source Parameters
Input File Name                    : "SPI_Module.prj"
Ignore Synthesis Constraint File   : NO

---- Target Parameters
Output File Name                   : "SPI_Module"
Output Format                      : NGC
Target Device                      : xc6slx16-3-csg324

---- Source Options
Top Module Name                    : SPI_Module
Automatic FSM Extraction           : YES
FSM Encoding Algorithm             : Auto
Safe Implementation                : No
FSM Style                          : LUT
RAM Extraction                     : Yes
RAM Style                          : Auto
ROM Extraction                     : Yes
Shift Register Extraction          : YES
ROM Style                          : Auto
Resource Sharing                   : YES
Asynchronous To Synchronous        : NO
Shift Register Minimum Size        : 2
Use DSP Block                      : Auto
Automatic Register Balancing       : No

---- Target Options
LUT Combining                      : Auto
Reduce Control Sets                : Auto
Add IO Buffers                     : YES
Global Maximum Fanout              : 100000
Add Generic Clock Buffer(BUFG)     : 16
Register Duplication               : YES
Optimize Instantiated Primitives   : NO
Use Clock Enable                   : Auto
Use Synchronous Set                : Auto
Use Synchronous Reset              : Auto
Pack IO Registers into IOBs        : Auto
Equivalent register Removal        : YES

---- General Options
Optimization Goal                  : Speed
Optimization Effort                : 1
Power Reduction                    : NO
Keep Hierarchy                     : No
Netlist Hierarchy                  : As_Optimized
RTL Output                         : Yes
Global Optimization                : AllClockNets
Read Cores                         : YES
Write Timing Constraints           : NO
Cross Clock Analysis               : NO
Hierarchy Separator                : /
Bus Delimiter                      : <>
Case Specifier                     : Maintain
Slice Utilization Ratio            : 100
BRAM Utilization Ratio             : 100
DSP48 Utilization Ratio            : 100
Auto BRAM Packing                  : NO
Slice Utilization Ratio Delta      : 5

=========================================================================


=========================================================================
*                          HDL Parsing                                  *
=========================================================================
Parsing VHDL file "C:\Xilinx\14.7\ISE_DS\SPI_Module\SPI_Module.vhd" into library work
Parsing entity <SPI_Module>.
Parsing architecture <Behavioral> of entity <spi_module>.

=========================================================================
*                            HDL Elaboration                            *
=========================================================================

Elaborating entity <SPI_Module> (architecture <Behavioral>) from library <work>.

=========================================================================
*                           HDL Synthesis                               *
=========================================================================

Synthesizing Unit <SPI_Module>.
    Related source file is "C:\Xilinx\14.7\ISE_DS\SPI_Module\SPI_Module.vhd".
    Found 32-bit register for signal <tracker>.
    Found 32-bit register for signal <input>.
    Found 1-bit register for signal <mosi>.
    Found 32-bit adder for signal <tracker[31]_GND_5_o_add_7_OUT> created at line 60.
    Found 1-bit 16-to-1 multiplexer for signal <tracker[3]_data_in_0[15]_Mux_1_o> created at line 52.
    Found 1-bit 16-to-1 multiplexer for signal <tracker[3]_data_in_1[15]_Mux_6_o> created at line 59.
    Summary:
	inferred   1 Adder/Subtractor(s).
	inferred  65 D-type flip-flop(s).
	inferred   3 Multiplexer(s).
Unit <SPI_Module> synthesized.

=========================================================================
HDL Synthesis Report

Macro Statistics
# Adders/Subtractors                                   : 1
 32-bit adder                                          : 1
# Registers                                            : 3
 1-bit register                                        : 1
 32-bit register                                       : 2
# Multiplexers                                         : 3
 1-bit 16-to-1 multiplexer                             : 2
 1-bit 2-to-1 multiplexer                              : 1

=========================================================================

=========================================================================
*                       Advanced HDL Synthesis                          *
=========================================================================

WARNING:Xst:1293 - FF/Latch <input_31> has a constant value of 0 in block <SPI_Module>. This FF/Latch will be trimmed during the optimization process.
WARNING:Xst:1896 - Due to other FF/Latch trimming, FF/Latch <input_30> has a constant value of 0 in block <SPI_Module>. This FF/Latch will be trimmed during the optimization process.
WARNING:Xst:1896 - Due to other FF/Latch trimming, FF/Latch <input_29> has a constant value of 0 in block <SPI_Module>. This FF/Latch will be trimmed during the optimization process.
WARNING:Xst:1896 - Due to other FF/Latch trimming, FF/Latch <input_28> has a constant value of 0 in block <SPI_Module>. This FF/Latch will be trimmed during the optimization process.
WARNING:Xst:1896 - Due to other FF/Latch trimming, FF/Latch <input_27> has a constant value of 0 in block <SPI_Module>. This FF/Latch will be trimmed during the optimization process.
WARNING:Xst:1896 - Due to other FF/Latch trimming, FF/Latch <input_26> has a constant value of 0 in block <SPI_Module>. This FF/Latch will be trimmed during the optimization process.
WARNING:Xst:1896 - Due to other FF/Latch trimming, FF/Latch <input_25> has a constant value of 0 in block <SPI_Module>. This FF/Latch will be trimmed during the optimization process.
WARNING:Xst:1896 - Due to other FF/Latch trimming, FF/Latch <input_24> has a constant value of 0 in block <SPI_Module>. This FF/Latch will be trimmed during the optimization process.
WARNING:Xst:1896 - Due to other FF/Latch trimming, FF/Latch <input_23> has a constant value of 0 in block <SPI_Module>. This FF/Latch will be trimmed during the optimization process.
WARNING:Xst:1896 - Due to other FF/Latch trimming, FF/Latch <input_22> has a constant value of 0 in block <SPI_Module>. This FF/Latch will be trimmed during the optimization process.
WARNING:Xst:1896 - Due to other FF/Latch trimming, FF/Latch <input_21> has a constant value of 0 in block <SPI_Module>. This FF/Latch will be trimmed during the optimization process.
WARNING:Xst:1896 - Due to other FF/Latch trimming, FF/Latch <input_20> has a constant value of 0 in block <SPI_Module>. This FF/Latch will be trimmed during the optimization process.
WARNING:Xst:1896 - Due to other FF/Latch trimming, FF/Latch <input_19> has a constant value of 0 in block <SPI_Module>. This FF/Latch will be trimmed during the optimization process.
WARNING:Xst:1896 - Due to other FF/Latch trimming, FF/Latch <input_18> has a constant value of 0 in block <SPI_Module>. This FF/Latch will be trimmed during the optimization process.
WARNING:Xst:1896 - Due to other FF/Latch trimming, FF/Latch <input_17> has a constant value of 0 in block <SPI_Module>. This FF/Latch will be trimmed during the optimization process.
WARNING:Xst:1896 - Due to other FF/Latch trimming, FF/Latch <input_16> has a constant value of 0 in block <SPI_Module>. This FF/Latch will be trimmed during the optimization process.
WARNING:Xst:1896 - Due to other FF/Latch trimming, FF/Latch <input_15> has a constant value of 0 in block <SPI_Module>. This FF/Latch will be trimmed during the optimization process.
WARNING:Xst:1896 - Due to other FF/Latch trimming, FF/Latch <input_14> has a constant value of 0 in block <SPI_Module>. This FF/Latch will be trimmed during the optimization process.
WARNING:Xst:1896 - Due to other FF/Latch trimming, FF/Latch <input_13> has a constant value of 0 in block <SPI_Module>. This FF/Latch will be trimmed during the optimization process.
WARNING:Xst:1896 - Due to other FF/Latch trimming, FF/Latch <input_12> has a constant value of 0 in block <SPI_Module>. This FF/Latch will be trimmed during the optimization process.
WARNING:Xst:1896 - Due to other FF/Latch trimming, FF/Latch <input_11> has a constant value of 0 in block <SPI_Module>. This FF/Latch will be trimmed during the optimization process.
WARNING:Xst:1896 - Due to other FF/Latch trimming, FF/Latch <input_10> has a constant value of 0 in block <SPI_Module>. This FF/Latch will be trimmed during the optimization process.
WARNING:Xst:1896 - Due to other FF/Latch trimming, FF/Latch <input_9> has a constant value of 0 in block <SPI_Module>. This FF/Latch will be trimmed during the optimization process.
WARNING:Xst:1896 - Due to other FF/Latch trimming, FF/Latch <input_8> has a constant value of 0 in block <SPI_Module>. This FF/Latch will be trimmed during the optimization process.
WARNING:Xst:1896 - Due to other FF/Latch trimming, FF/Latch <input_7> has a constant value of 0 in block <SPI_Module>. This FF/Latch will be trimmed during the optimization process.
WARNING:Xst:1896 - Due to other FF/Latch trimming, FF/Latch <input_6> has a constant value of 0 in block <SPI_Module>. This FF/Latch will be trimmed during the optimization process.
WARNING:Xst:1896 - Due to other FF/Latch trimming, FF/Latch <input_5> has a constant value of 0 in block <SPI_Module>. This FF/Latch will be trimmed during the optimization process.
WARNING:Xst:1896 - Due to other FF/Latch trimming, FF/Latch <input_4> has a constant value of 0 in block <SPI_Module>. This FF/Latch will be trimmed during the optimization process.
WARNING:Xst:1896 - Due to other FF/Latch trimming, FF/Latch <input_3> has a constant value of 0 in block <SPI_Module>. This FF/Latch will be trimmed during the optimization process.
WARNING:Xst:1896 - Due to other FF/Latch trimming, FF/Latch <input_2> has a constant value of 0 in block <SPI_Module>. This FF/Latch will be trimmed during the optimization process.
WARNING:Xst:1896 - Due to other FF/Latch trimming, FF/Latch <input_1> has a constant value of 0 in block <SPI_Module>. This FF/Latch will be trimmed during the optimization process.

Synthesizing (advanced) Unit <SPI_Module>.
The following registers are absorbed into counter <tracker>: 1 register on signal <tracker>.
Unit <SPI_Module> synthesized (advanced).

=========================================================================
Advanced HDL Synthesis Report

Macro Statistics
# Adders/Subtractors                                   : 1
 32-bit adder                                          : 1
# Counters                                             : 1
 32-bit up counter                                     : 1
# Registers                                            : 33
 Flip-Flops                                            : 33
# Multiplexers                                         : 3
 1-bit 16-to-1 multiplexer                             : 2
 1-bit 2-to-1 multiplexer                              : 1

=========================================================================

=========================================================================
*                         Low Level Synthesis                           *
=========================================================================
WARNING:Xst:1293 - FF/Latch <input_31> has a constant value of 0 in block <SPI_Module>. This FF/Latch will be trimmed during the optimization process.
WARNING:Xst:1896 - Due to other FF/Latch trimming, FF/Latch <input_30> has a constant value of 0 in block <SPI_Module>. This FF/Latch will be trimmed during the optimization process.
WARNING:Xst:1896 - Due to other FF/Latch trimming, FF/Latch <input_29> has a constant value of 0 in block <SPI_Module>. This FF/Latch will be trimmed during the optimization process.
WARNING:Xst:1896 - Due to other FF/Latch trimming, FF/Latch <input_28> has a constant value of 0 in block <SPI_Module>. This FF/Latch will be trimmed during the optimization process.
WARNING:Xst:1896 - Due to other FF/Latch trimming, FF/Latch <input_27> has a constant value of 0 in block <SPI_Module>. This FF/Latch will be trimmed during the optimization process.
WARNING:Xst:1896 - Due to other FF/Latch trimming, FF/Latch <input_26> has a constant value of 0 in block <SPI_Module>. This FF/Latch will be trimmed during the optimization process.
WARNING:Xst:1896 - Due to other FF/Latch trimming, FF/Latch <input_25> has a constant value of 0 in block <SPI_Module>. This FF/Latch will be trimmed during the optimization process.
WARNING:Xst:1896 - Due to other FF/Latch trimming, FF/Latch <input_24> has a constant value of 0 in block <SPI_Module>. This FF/Latch will be trimmed during the optimization process.
WARNING:Xst:1896 - Due to other FF/Latch trimming, FF/Latch <input_23> has a constant value of 0 in block <SPI_Module>. This FF/Latch will be trimmed during the optimization process.
WARNING:Xst:1896 - Due to other FF/Latch trimming, FF/Latch <input_22> has a constant value of 0 in block <SPI_Module>. This FF/Latch will be trimmed during the optimization process.
WARNING:Xst:1896 - Due to other FF/Latch trimming, FF/Latch <input_21> has a constant value of 0 in block <SPI_Module>. This FF/Latch will be trimmed during the optimization process.
WARNING:Xst:1896 - Due to other FF/Latch trimming, FF/Latch <input_20> has a constant value of 0 in block <SPI_Module>. This FF/Latch will be trimmed during the optimization process.
WARNING:Xst:1896 - Due to other FF/Latch trimming, FF/Latch <input_19> has a constant value of 0 in block <SPI_Module>. This FF/Latch will be trimmed during the optimization process.
WARNING:Xst:1896 - Due to other FF/Latch trimming, FF/Latch <input_18> has a constant value of 0 in block <SPI_Module>. This FF/Latch will be trimmed during the optimization process.
WARNING:Xst:1896 - Due to other FF/Latch trimming, FF/Latch <input_17> has a constant value of 0 in block <SPI_Module>. This FF/Latch will be trimmed during the optimization process.
WARNING:Xst:1896 - Due to other FF/Latch trimming, FF/Latch <input_16> has a constant value of 0 in block <SPI_Module>. This FF/Latch will be trimmed during the optimization process.
WARNING:Xst:1896 - Due to other FF/Latch trimming, FF/Latch <input_15> has a constant value of 0 in block <SPI_Module>. This FF/Latch will be trimmed during the optimization process.
WARNING:Xst:1896 - Due to other FF/Latch trimming, FF/Latch <input_14> has a constant value of 0 in block <SPI_Module>. This FF/Latch will be trimmed during the optimization process.
WARNING:Xst:1896 - Due to other FF/Latch trimming, FF/Latch <input_13> has a constant value of 0 in block <SPI_Module>. This FF/Latch will be trimmed during the optimization process.
WARNING:Xst:1896 - Due to other FF/Latch trimming, FF/Latch <input_12> has a constant value of 0 in block <SPI_Module>. This FF/Latch will be trimmed during the optimization process.
WARNING:Xst:1896 - Due to other FF/Latch trimming, FF/Latch <input_11> has a constant value of 0 in block <SPI_Module>. This FF/Latch will be trimmed during the optimization process.
WARNING:Xst:1896 - Due to other FF/Latch trimming, FF/Latch <input_10> has a constant value of 0 in block <SPI_Module>. This FF/Latch will be trimmed during the optimization process.
WARNING:Xst:1896 - Due to other FF/Latch trimming, FF/Latch <input_9> has a constant value of 0 in block <SPI_Module>. This FF/Latch will be trimmed during the optimization process.
WARNING:Xst:1896 - Due to other FF/Latch trimming, FF/Latch <input_8> has a constant value of 0 in block <SPI_Module>. This FF/Latch will be trimmed during the optimization process.
WARNING:Xst:1896 - Due to other FF/Latch trimming, FF/Latch <input_7> has a constant value of 0 in block <SPI_Module>. This FF/Latch will be trimmed during the optimization process.
WARNING:Xst:1896 - Due to other FF/Latch trimming, FF/Latch <input_6> has a constant value of 0 in block <SPI_Module>. This FF/Latch will be trimmed during the optimization process.
WARNING:Xst:1896 - Due to other FF/Latch trimming, FF/Latch <input_5> has a constant value of 0 in block <SPI_Module>. This FF/Latch will be trimmed during the optimization process.
WARNING:Xst:1896 - Due to other FF/Latch trimming, FF/Latch <input_4> has a constant value of 0 in block <SPI_Module>. This FF/Latch will be trimmed during the optimization process.
WARNING:Xst:1896 - Due to other FF/Latch trimming, FF/Latch <input_3> has a constant value of 0 in block <SPI_Module>. This FF/Latch will be trimmed during the optimization process.
WARNING:Xst:1896 - Due to other FF/Latch trimming, FF/Latch <input_2> has a constant value of 0 in block <SPI_Module>. This FF/Latch will be trimmed during the optimization process.
WARNING:Xst:1896 - Due to other FF/Latch trimming, FF/Latch <input_1> has a constant value of 0 in block <SPI_Module>. This FF/Latch will be trimmed during the optimization process.

Optimizing unit <SPI_Module> ...
WARNING:Xst:1293 - FF/Latch <tracker_31> has a constant value of 0 in block <SPI_Module>. This FF/Latch will be trimmed during the optimization process.
WARNING:Xst:1896 - Due to other FF/Latch trimming, FF/Latch <tracker_30> has a constant value of 0 in block <SPI_Module>. This FF/Latch will be trimmed during the optimization process.
WARNING:Xst:1896 - Due to other FF/Latch trimming, FF/Latch <tracker_29> has a constant value of 0 in block <SPI_Module>. This FF/Latch will be trimmed during the optimization process.
WARNING:Xst:1896 - Due to other FF/Latch trimming, FF/Latch <tracker_28> has a constant value of 0 in block <SPI_Module>. This FF/Latch will be trimmed during the optimization process.
WARNING:Xst:1896 - Due to other FF/Latch trimming, FF/Latch <tracker_27> has a constant value of 0 in block <SPI_Module>. This FF/Latch will be trimmed during the optimization process.
WARNING:Xst:1896 - Due to other FF/Latch trimming, FF/Latch <tracker_26> has a constant value of 0 in block <SPI_Module>. This FF/Latch will be trimmed during the optimization process.
WARNING:Xst:1896 - Due to other FF/Latch trimming, FF/Latch <tracker_25> has a constant value of 0 in block <SPI_Module>. This FF/Latch will be trimmed during the optimization process.
WARNING:Xst:1896 - Due to other FF/Latch trimming, FF/Latch <tracker_24> has a constant value of 0 in block <SPI_Module>. This FF/Latch will be trimmed during the optimization process.
WARNING:Xst:1896 - Due to other FF/Latch trimming, FF/Latch <tracker_23> has a constant value of 0 in block <SPI_Module>. This FF/Latch will be trimmed during the optimization process.
WARNING:Xst:1896 - Due to other FF/Latch trimming, FF/Latch <tracker_22> has a constant value of 0 in block <SPI_Module>. This FF/Latch will be trimmed during the optimization process.
WARNING:Xst:1896 - Due to other FF/Latch trimming, FF/Latch <tracker_21> has a constant value of 0 in block <SPI_Module>. This FF/Latch will be trimmed during the optimization process.
WARNING:Xst:1896 - Due to other FF/Latch trimming, FF/Latch <tracker_20> has a constant value of 0 in block <SPI_Module>. This FF/Latch will be trimmed during the optimization process.
WARNING:Xst:1896 - Due to other FF/Latch trimming, FF/Latch <tracker_19> has a constant value of 0 in block <SPI_Module>. This FF/Latch will be trimmed during the optimization process.
WARNING:Xst:1896 - Due to other FF/Latch trimming, FF/Latch <tracker_18> has a constant value of 0 in block <SPI_Module>. This FF/Latch will be trimmed during the optimization process.
WARNING:Xst:1896 - Due to other FF/Latch trimming, FF/Latch <tracker_17> has a constant value of 0 in block <SPI_Module>. This FF/Latch will be trimmed during the optimization process.
WARNING:Xst:1896 - Due to other FF/Latch trimming, FF/Latch <tracker_16> has a constant value of 0 in block <SPI_Module>. This FF/Latch will be trimmed during the optimization process.
WARNING:Xst:1896 - Due to other FF/Latch trimming, FF/Latch <tracker_15> has a constant value of 0 in block <SPI_Module>. This FF/Latch will be trimmed during the optimization process.
WARNING:Xst:1896 - Due to other FF/Latch trimming, FF/Latch <tracker_14> has a constant value of 0 in block <SPI_Module>. This FF/Latch will be trimmed during the optimization process.
WARNING:Xst:1896 - Due to other FF/Latch trimming, FF/Latch <tracker_13> has a constant value of 0 in block <SPI_Module>. This FF/Latch will be trimmed during the optimization process.
WARNING:Xst:1896 - Due to other FF/Latch trimming, FF/Latch <tracker_12> has a constant value of 0 in block <SPI_Module>. This FF/Latch will be trimmed during the optimization process.
WARNING:Xst:1896 - Due to other FF/Latch trimming, FF/Latch <tracker_11> has a constant value of 0 in block <SPI_Module>. This FF/Latch will be trimmed during the optimization process.
WARNING:Xst:1896 - Due to other FF/Latch trimming, FF/Latch <tracker_10> has a constant value of 0 in block <SPI_Module>. This FF/Latch will be trimmed during the optimization process.
WARNING:Xst:1896 - Due to other FF/Latch trimming, FF/Latch <tracker_9> has a constant value of 0 in block <SPI_Module>. This FF/Latch will be trimmed during the optimization process.
WARNING:Xst:1896 - Due to other FF/Latch trimming, FF/Latch <tracker_8> has a constant value of 0 in block <SPI_Module>. This FF/Latch will be trimmed during the optimization process.
WARNING:Xst:1896 - Due to other FF/Latch trimming, FF/Latch <tracker_7> has a constant value of 0 in block <SPI_Module>. This FF/Latch will be trimmed during the optimization process.
WARNING:Xst:1896 - Due to other FF/Latch trimming, FF/Latch <tracker_6> has a constant value of 0 in block <SPI_Module>. This FF/Latch will be trimmed during the optimization process.
WARNING:Xst:1896 - Due to other FF/Latch trimming, FF/Latch <tracker_5> has a constant value of 0 in block <SPI_Module>. This FF/Latch will be trimmed during the optimization process.
WARNING:Xst:1896 - Due to other FF/Latch trimming, FF/Latch <tracker_4> has a constant value of 0 in block <SPI_Module>. This FF/Latch will be trimmed during the optimization process.

Mapping all equations...
Building and optimizing final netlist ...
Found area constraint ratio of 100 (+ 5) on block SPI_Module, actual ratio is 0.

Final Macro Processing ...

=========================================================================
Final Register Report

Macro Statistics
# Registers                                            : 6
 Flip-Flops                                            : 6

=========================================================================

=========================================================================
*                           Partition Report                            *
=========================================================================

Partition Implementation Status
-------------------------------

  No Partitions were found in this design.

-------------------------------

=========================================================================
*                            Design Summary                             *
=========================================================================

Top Level Output File Name         : SPI_Module.ngc

Primitive and Black Box Usage:
------------------------------
# BELS                             : 46
#      GND                         : 1
#      INV                         : 2
#      LUT1                        : 6
#      LUT3                        : 1
#      LUT6                        : 13
#      MUXCY                       : 7
#      MUXF7                       : 4
#      MUXF8                       : 2
#      VCC                         : 1
#      XORCY                       : 9
# FlipFlops/Latches                : 6
#      FD                          : 6
# Clock Buffers                    : 1
#      BUFGP                       : 1
# IO Buffers                       : 33
#      IBUF                        : 32
#      OBUF                        : 1

Device utilization summary:
---------------------------

Selected Device : 6slx16csg324-3 


Slice Logic Utilization: 
 Number of Slice Registers:               6  out of  18224     0%  
 Number of Slice LUTs:                   22  out of   9112     0%  
    Number used as Logic:                22  out of   9112     0%  

Slice Logic Distribution: 
 Number of LUT Flip Flop pairs used:     22
   Number with an unused Flip Flop:      16  out of     22    72%  
   Number with an unused LUT:             0  out of     22     0%  
   Number of fully used LUT-FF pairs:     6  out of     22    27%  
   Number of unique control sets:         1

IO Utilization: 
 Number of IOs:                          34
 Number of bonded IOBs:                  34  out of    232    14%  

Specific Feature Utilization:
 Number of BUFG/BUFGCTRLs:                1  out of     16     6%  

---------------------------
Partition Resource Summary:
---------------------------

  No Partitions were found in this design.

---------------------------


=========================================================================
Timing Report

NOTE: THESE TIMING NUMBERS ARE ONLY A SYNTHESIS ESTIMATE.
      FOR ACCURATE TIMING INFORMATION PLEASE REFER TO THE TRACE REPORT
      GENERATED AFTER PLACE-and-ROUTE.

Clock Information:
------------------
-----------------------------------+------------------------+-------+
Clock Signal                       | Clock buffer(FF name)  | Load  |
-----------------------------------+------------------------+-------+
clk                                | BUFGP                  | 6     |
-----------------------------------+------------------------+-------+

Asynchronous Control Signals Information:
----------------------------------------
No asynchronous control signals found in this design

Timing Summary:
---------------
Speed Grade: -3

   Minimum period: 3.130ns (Maximum Frequency: 319.494MHz)
   Minimum input arrival time before clock: 3.650ns
   Maximum output required time after clock: 3.597ns
   Maximum combinational path delay: No path found

Timing Details:
---------------
All values displayed in nanoseconds (ns)

=========================================================================
Timing constraint: Default period analysis for Clock 'clk'
  Clock period: 3.130ns (frequency: 319.494MHz)
  Total number of paths / destination ports: 104 / 6
-------------------------------------------------------------------------
Delay:               3.130ns (Levels of Logic = 5)
  Source:            tracker_0 (FF)
  Destination:       input_0 (FF)
  Source Clock:      clk rising
  Destination Clock: clk rising

  Data Path: tracker_0 to input_0
                                Gate     Net
    Cell:in->out      fanout   Delay   Delay  Logical Name (Net Name)
    ----------------------------------------  ------------
     FD:C->Q              10   0.447   0.856  tracker_0 (tracker_0)
     INV:I->O              1   0.206   0.000  Madd_tracker[31]_GND_5_o_add_7_OUT_lut<0>_INV_0 (Madd_tracker[31]_GND_5_o_add_7_OUT_lut<0>)
     MUXCY:S->O            1   0.172   0.000  Madd_tracker[31]_GND_5_o_add_7_OUT_cy<0> (Madd_tracker[31]_GND_5_o_add_7_OUT_cy<0>)
     MUXCY:CI->O           1   0.019   0.000  Madd_tracker[31]_GND_5_o_add_7_OUT_cy<1> (Madd_tracker[31]_GND_5_o_add_7_OUT_cy<1>)
     XORCY:CI->O           5   0.180   0.943  Madd_tracker[31]_GND_5_o_add_7_OUT_xor<2> (tracker[31]_GND_5_o_add_7_OUT<2>)
     LUT6:I3->O            1   0.205   0.000  tracker_0_rstpot (tracker_0_rstpot)
     FD:D                      0.102          tracker_0
    ----------------------------------------
    Total                      3.130ns (1.331ns logic, 1.799ns route)
                                       (42.5% logic, 57.5% route)

=========================================================================
Timing constraint: Default OFFSET IN BEFORE for Clock 'clk'
  Total number of paths / destination ports: 32 / 1
-------------------------------------------------------------------------
Offset:              3.650ns (Levels of Logic = 5)
  Source:            data_in_1<12> (PAD)
  Destination:       mosi (FF)
  Destination Clock: clk rising

  Data Path: data_in_1<12> to mosi
                                Gate     Net
    Cell:in->out      fanout   Delay   Delay  Logical Name (Net Name)
    ----------------------------------------  ------------
     IBUF:I->O             1   1.222   0.944  data_in_1_12_IBUF (data_in_1_12_IBUF)
     LUT6:I0->O            1   0.203   0.000  Mmux_tracker[3]_data_in_1[15]_Mux_6_o_4 (Mmux_tracker[3]_data_in_1[15]_Mux_6_o_4)
     MUXF7:I1->O           1   0.140   0.000  Mmux_tracker[3]_data_in_1[15]_Mux_6_o_3_f7 (Mmux_tracker[3]_data_in_1[15]_Mux_6_o_3_f7)
     MUXF8:I1->O           1   0.152   0.684  Mmux_tracker[3]_data_in_1[15]_Mux_6_o_2_f8 (tracker[3]_data_in_1[15]_Mux_6_o)
     LUT3:I1->O            1   0.203   0.000  Mmux_tracker[3]_tracker[3]_MUX_48_o11 (tracker[3]_tracker[3]_MUX_48_o)
     FD:D                      0.102          mosi
    ----------------------------------------
    Total                      3.650ns (2.022ns logic, 1.628ns route)
                                       (55.4% logic, 44.6% route)

=========================================================================
Timing constraint: Default OFFSET OUT AFTER for Clock 'clk'
  Total number of paths / destination ports: 1 / 1
-------------------------------------------------------------------------
Offset:              3.597ns (Levels of Logic = 1)
  Source:            mosi (FF)
  Destination:       mosi (PAD)
  Source Clock:      clk rising

  Data Path: mosi to mosi
                                Gate     Net
    Cell:in->out      fanout   Delay   Delay  Logical Name (Net Name)
    ----------------------------------------  ------------
     FD:C->Q               1   0.447   0.579  mosi (mosi_OBUF)
     OBUF:I->O                 2.571          mosi_OBUF (mosi)
    ----------------------------------------
    Total                      3.597ns (3.018ns logic, 0.579ns route)
                                       (83.9% logic, 16.1% route)

=========================================================================

Cross Clock Domains Report:
--------------------------

Clock to Setup on destination clock clk
---------------+---------+---------+---------+---------+
               | Src:Rise| Src:Fall| Src:Rise| Src:Fall|
Source Clock   |Dest:Rise|Dest:Rise|Dest:Fall|Dest:Fall|
---------------+---------+---------+---------+---------+
clk            |    3.130|         |         |         |
---------------+---------+---------+---------+---------+

=========================================================================


Total REAL time to Xst completion: 10.00 secs
Total CPU time to Xst completion: 9.35 secs
 
--> 

Total memory usage is 245356 kilobytes

Number of errors   :    0 (   0 filtered)
Number of warnings :   90 (   0 filtered)
Number of infos    :    0 (   0 filtered)

